[ 2014-09-27T09:43:18+08:00 ] 0.0.0.0 /PersonWeb/admin.php?m=Public&a=login
INFO: [ app_begin ] --START--
INFO: Run ReadHtmlCache Behavior [ RunTime:0.002456s ]
INFO: Run CheckLang Behavior [ RunTime:0.028713s ]
INFO: [ app_begin ] --END-- [ RunTime:0.031777s ]
NOTIC: [8] Undefined index: admin_info F:\wamp\www\PersonWeb\admin\Lib\Action\BaseAction.class.php 第 74 行.
NOTIC: [8] Undefined index: admin_info F:\wamp\www\PersonWeb\admin\Lib\Action\BaseAction.class.php 第 35 行.
SQL: SHOW COLUMNS FROM `sean_role` [ RunTime:0.083038s ]
NOTIC: [8] Undefined index: admin_info F:\wamp\www\PersonWeb\admin\Lib\Action\BaseAction.class.php 第 39 行.
SQL: SELECT `name`,`status`,`remark`,`create_time`,`update_time` FROM `sean_role` WHERE ( id= ) LIMIT 1   [ RunTime:0.011811s ]
ERR: You have an error in your SQL syntax; check the manual that corresponds to your MySQL server version for the right syntax to use near ') LIMIT 1' at line 1
 [ SQL语句 ] : SELECT `name`,`status`,`remark`,`create_time`,`update_time` FROM `sean_role` WHERE ( id= ) LIMIT 1  
SQL: SHOW COLUMNS FROM `sean_group` [ RunTime:0.013279s ]
SQL: SELECT `id`,`title` FROM `sean_group` WHERE ( status=1 ) ORDER BY sort ASC  [ RunTime:0.022130s ]
SQL: SHOW COLUMNS FROM `sean_setting` [ RunTime:0.037033s ]
SQL: SELECT * FROM `sean_setting`  [ RunTime:0.001142s ]
NOTIC: [8] Undefined index: iframe F:\wamp\www\PersonWeb\admin\Lib\Action\BaseAction.class.php 第 60 行.
SQL: SHOW COLUMNS FROM `sean_admin` [ RunTime:0.020170s ]
INFO: [ view_template ] --START--
INFO: Run LocationTemplate Behavior [ RunTime:0.003264s ]
INFO: [ view_template ] --END-- [ RunTime:0.003571s ]
INFO: [ view_parse ] --START--
INFO: Run ParseTemplate Behavior [ RunTime:0.052968s ]
INFO: [ view_parse ] --END-- [ RunTime:0.053327s ]
INFO: [ view_filter ] --START--
INFO: Run ContentReplace Behavior [ RunTime:0.002124s ]
INFO: Run TokenBuild Behavior [ RunTime:0.001610s ]
INFO: Run WriteHtmlCache Behavior [ RunTime:0.001280s ]
INFO: Run ShowRuntime Behavior [ RunTime:0.001579s ]
INFO: [ view_filter ] --END-- [ RunTime:0.007361s ]
INFO: [ view_end ] --START--
INFO: Run ShowPageTrace Behavior [ RunTime:0.002231s ]
INFO: [ view_end ] --END-- [ RunTime:0.002499s ]

[ 2014-09-27T09:43:18+08:00 ] 0.0.0.0 /PersonWeb/admin.php?m=Public&a=verify&rand=1411782198
INFO: [ app_begin ] --START--
INFO: Run ReadHtmlCache Behavior [ RunTime:0.000984s ]
INFO: Run CheckLang Behavior [ RunTime:0.001899s ]
INFO: [ app_begin ] --END-- [ RunTime:0.003148s ]
NOTIC: [8] Undefined index: admin_info F:\wamp\www\PersonWeb\admin\Lib\Action\BaseAction.class.php 第 74 行.
NOTIC: [8] Undefined index: admin_info F:\wamp\www\PersonWeb\admin\Lib\Action\BaseAction.class.php 第 35 行.
SQL: SHOW COLUMNS FROM `sean_role` [ RunTime:0.004207s ]
NOTIC: [8] Undefined index: admin_info F:\wamp\www\PersonWeb\admin\Lib\Action\BaseAction.class.php 第 39 行.
SQL: SELECT `name`,`status`,`remark`,`create_time`,`update_time` FROM `sean_role` WHERE ( id= ) LIMIT 1   [ RunTime:0.000244s ]
ERR: You have an error in your SQL syntax; check the manual that corresponds to your MySQL server version for the right syntax to use near ') LIMIT 1' at line 1
 [ SQL语句 ] : SELECT `name`,`status`,`remark`,`create_time`,`update_time` FROM `sean_role` WHERE ( id= ) LIMIT 1  
SQL: SHOW COLUMNS FROM `sean_group` [ RunTime:0.004180s ]
SQL: SELECT `id`,`title` FROM `sean_group` WHERE ( status=1 ) ORDER BY sort ASC  [ RunTime:0.000506s ]
SQL: SHOW COLUMNS FROM `sean_setting` [ RunTime:0.005572s ]
SQL: SELECT * FROM `sean_setting`  [ RunTime:0.000525s ]
NOTIC: [8] Undefined index: iframe F:\wamp\www\PersonWeb\admin\Lib\Action\BaseAction.class.php 第 60 行.

[ 2014-09-27T10:25:42+08:00 ] 0.0.0.0 /PersonWeb/admin.php?m=Public&a=verify&rand=1411782198
INFO: [ app_begin ] --START--
INFO: Run ReadHtmlCache Behavior [ RunTime:0.000701s ]
INFO: Run CheckLang Behavior [ RunTime:0.001348s ]
INFO: [ app_begin ] --END-- [ RunTime:0.002223s ]
NOTIC: [8] Undefined index: admin_info F:\wamp\www\PersonWeb\admin\Lib\Action\BaseAction.class.php 第 74 行.
NOTIC: [8] Undefined index: admin_info F:\wamp\www\PersonWeb\admin\Lib\Action\BaseAction.class.php 第 35 行.
SQL: SHOW COLUMNS FROM `sean_role` [ RunTime:0.003269s ]
NOTIC: [8] Undefined index: admin_info F:\wamp\www\PersonWeb\admin\Lib\Action\BaseAction.class.php 第 39 行.
SQL: SELECT `name`,`status`,`remark`,`create_time`,`update_time` FROM `sean_role` WHERE ( id= ) LIMIT 1   [ RunTime:0.000190s ]
ERR: You have an error in your SQL syntax; check the manual that corresponds to your MySQL server version for the right syntax to use near ') LIMIT 1' at line 1
 [ SQL语句 ] : SELECT `name`,`status`,`remark`,`create_time`,`update_time` FROM `sean_role` WHERE ( id= ) LIMIT 1  
SQL: SHOW COLUMNS FROM `sean_group` [ RunTime:0.002893s ]
SQL: SELECT `id`,`title` FROM `sean_group` WHERE ( status=1 ) ORDER BY sort ASC  [ RunTime:0.000327s ]
SQL: SHOW COLUMNS FROM `sean_setting` [ RunTime:0.002705s ]
SQL: SELECT * FROM `sean_setting`  [ RunTime:0.000284s ]
NOTIC: [8] Undefined index: iframe F:\wamp\www\PersonWeb\admin\Lib\Action\BaseAction.class.php 第 60 行.

[ 2014-09-27T10:26:15+08:00 ] 0.0.0.0 /PersonWeb/admin.php?m=Public&a=verify&rand=1411782198
INFO: [ app_begin ] --START--
INFO: Run ReadHtmlCache Behavior [ RunTime:0.001383s ]
INFO: Run CheckLang Behavior [ RunTime:0.002555s ]
INFO: [ app_begin ] --END-- [ RunTime:0.004320s ]
NOTIC: [8] Undefined index: admin_info F:\wamp\www\PersonWeb\admin\Lib\Action\BaseAction.class.php 第 74 行.
NOTIC: [8] Undefined index: admin_info F:\wamp\www\PersonWeb\admin\Lib\Action\BaseAction.class.php 第 35 行.
SQL: SHOW COLUMNS FROM `sean_role` [ RunTime:0.004516s ]
NOTIC: [8] Undefined index: admin_info F:\wamp\www\PersonWeb\admin\Lib\Action\BaseAction.class.php 第 39 行.
SQL: SELECT `name`,`status`,`remark`,`create_time`,`update_time` FROM `sean_role` WHERE ( id= ) LIMIT 1   [ RunTime:0.000179s ]
ERR: You have an error in your SQL syntax; check the manual that corresponds to your MySQL server version for the right syntax to use near ') LIMIT 1' at line 1
 [ SQL语句 ] : SELECT `name`,`status`,`remark`,`create_time`,`update_time` FROM `sean_role` WHERE ( id= ) LIMIT 1  
SQL: SHOW COLUMNS FROM `sean_group` [ RunTime:0.002468s ]
SQL: SELECT `id`,`title` FROM `sean_group` WHERE ( status=1 ) ORDER BY sort ASC  [ RunTime:0.000327s ]
SQL: SHOW COLUMNS FROM `sean_setting` [ RunTime:0.002688s ]
SQL: SELECT * FROM `sean_setting`  [ RunTime:0.000381s ]
NOTIC: [8] Undefined index: iframe F:\wamp\www\PersonWeb\admin\Lib\Action\BaseAction.class.php 第 60 行.

