[ 2014-10-09T22:32:18+08:00 ] 0.0.0.0 /PersonWeb/admin.php?m=Public&a=login
INFO: [ app_begin ] --START--
INFO: Run ReadHtmlCache Behavior [ RunTime:0.125194s ]
INFO: Run CheckLang Behavior [ RunTime:0.138716s ]
INFO: [ app_begin ] --END-- [ RunTime:0.305404s ]
NOTIC: [8] Undefined index: admin_info F:\wamp\www\PersonWeb\admin\Lib\Action\BaseAction.class.php 第 74 行.
NOTIC: [8] Undefined index: admin_info F:\wamp\www\PersonWeb\admin\Lib\Action\BaseAction.class.php 第 35 行.
SQL: SHOW COLUMNS FROM `sean_role` [ RunTime:0.727743s ]
NOTIC: [8] Undefined index: admin_info F:\wamp\www\PersonWeb\admin\Lib\Action\BaseAction.class.php 第 39 行.
SQL: SELECT `name`,`status`,`remark`,`create_time`,`update_time` FROM `sean_role` WHERE ( id= ) LIMIT 1   [ RunTime:0.207656s ]
ERR: You have an error in your SQL syntax; check the manual that corresponds to your MySQL server version for the right syntax to use near ') LIMIT 1' at line 1
 [ SQL语句 ] : SELECT `name`,`status`,`remark`,`create_time`,`update_time` FROM `sean_role` WHERE ( id= ) LIMIT 1  
SQL: SHOW COLUMNS FROM `sean_group` [ RunTime:0.637494s ]
SQL: SELECT `id`,`title` FROM `sean_group` WHERE ( status=1 ) ORDER BY sort ASC  [ RunTime:0.423121s ]
SQL: SHOW COLUMNS FROM `sean_setting` [ RunTime:0.380759s ]
SQL: SELECT * FROM `sean_setting`  [ RunTime:0.069175s ]
NOTIC: [8] Undefined index: iframe F:\wamp\www\PersonWeb\admin\Lib\Action\BaseAction.class.php 第 60 行.
SQL: SHOW COLUMNS FROM `sean_admin` [ RunTime:0.356777s ]
INFO: [ view_template ] --START--
INFO: Run LocationTemplate Behavior [ RunTime:0.028709s ]
INFO: [ view_template ] --END-- [ RunTime:0.028815s ]
INFO: [ view_parse ] --START--
INFO: Run ParseTemplate Behavior [ RunTime:0.750088s ]
INFO: [ view_parse ] --END-- [ RunTime:0.750174s ]
INFO: [ view_filter ] --START--
INFO: Run ContentReplace Behavior [ RunTime:0.038252s ]
INFO: Run TokenBuild Behavior [ RunTime:0.055246s ]
INFO: Run WriteHtmlCache Behavior [ RunTime:0.000689s ]
INFO: Run ShowRuntime Behavior [ RunTime:0.001369s ]
INFO: [ view_filter ] --END-- [ RunTime:0.095871s ]
INFO: [ view_end ] --START--
INFO: Run ShowPageTrace Behavior [ RunTime:0.063373s ]
INFO: [ view_end ] --END-- [ RunTime:0.063502s ]

[ 2014-10-09T22:32:20+08:00 ] 0.0.0.0 /PersonWeb/admin.php?m=Public&a=verify&rand=1412865138
INFO: [ app_begin ] --START--
INFO: Run ReadHtmlCache Behavior [ RunTime:0.000614s ]
INFO: Run CheckLang Behavior [ RunTime:0.001808s ]
INFO: [ app_begin ] --END-- [ RunTime:0.002576s ]
NOTIC: [8] Undefined index: admin_info F:\wamp\www\PersonWeb\admin\Lib\Action\BaseAction.class.php 第 74 行.
NOTIC: [8] Undefined index: admin_info F:\wamp\www\PersonWeb\admin\Lib\Action\BaseAction.class.php 第 35 行.
SQL: SHOW COLUMNS FROM `sean_role` [ RunTime:0.009552s ]
NOTIC: [8] Undefined index: admin_info F:\wamp\www\PersonWeb\admin\Lib\Action\BaseAction.class.php 第 39 行.
SQL: SELECT `name`,`status`,`remark`,`create_time`,`update_time` FROM `sean_role` WHERE ( id= ) LIMIT 1   [ RunTime:0.000410s ]
ERR: You have an error in your SQL syntax; check the manual that corresponds to your MySQL server version for the right syntax to use near ') LIMIT 1' at line 1
 [ SQL语句 ] : SELECT `name`,`status`,`remark`,`create_time`,`update_time` FROM `sean_role` WHERE ( id= ) LIMIT 1  
SQL: SHOW COLUMNS FROM `sean_group` [ RunTime:0.033221s ]
SQL: SELECT `id`,`title` FROM `sean_group` WHERE ( status=1 ) ORDER BY sort ASC  [ RunTime:0.000562s ]
SQL: SHOW COLUMNS FROM `sean_setting` [ RunTime:0.005427s ]
SQL: SELECT * FROM `sean_setting`  [ RunTime:0.000499s ]
NOTIC: [8] Undefined index: iframe F:\wamp\www\PersonWeb\admin\Lib\Action\BaseAction.class.php 第 60 行.

